<?xml version="1.0" encoding="UTF-8"?>
<!-- Generated by org.testng.reporters.JUnitReportReporter -->
<testsuite hostname="Jinal" failures="0" tests="2" name="com.first90.qa.testcases.CreateClientTest" time="165.015" errors="0" timestamp="2023-01-24T15:58:40 IST" skipped="0">
  <testcase classname="com.first90.qa.testcases.CreateClientTest" name="ClientDetailsTest" time="88.111"/>
  <system-out/>
  <testcase classname="com.first90.qa.testcases.CreateClientTest" name="listClient" time="76.904"/>
  <system-out/>
</testsuite> <!-- com.first90.qa.testcases.CreateClientTest -->
