<?xml version="1.0" encoding="UTF-8"?>
<!-- Generated by org.testng.reporters.JUnitReportReporter -->
<testsuite hostname="Jinal" failures="0" tests="1" name="com.first90.qa.testcases.CreateUserTest" time="72.755" errors="0" timestamp="2023-01-18T22:20:36 IST" skipped="0">
  <testcase classname="com.first90.qa.testcases.CreateUserTest" name="verifyuserlinkTest" time="72.755"/>
  <system-out/>
</testsuite> <!-- com.first90.qa.testcases.CreateUserTest -->
