<?xml version="1.0" encoding="UTF-8"?>
<!-- Generated by org.testng.reporters.JUnitReportReporter -->
<testsuite hostname="Jinal" failures="0" tests="1" name="com.first90.qa.testcases.UserListTest" time="86.181" errors="0" timestamp="2023-01-18T22:55:47 IST" skipped="0">
  <testcase classname="com.first90.qa.testcases.UserListTest" name="searchUserTest" time="86.181"/>
  <system-out/>
</testsuite> <!-- com.first90.qa.testcases.UserListTest -->
