<?xml version="1.0" encoding="UTF-8"?>
<!-- Generated by org.testng.reporters.JUnitReportReporter -->
<testsuite hostname="Jinal" failures="0" tests="1" name="com.first90.qa.testcases.SignInPageTest" time="39.675" errors="0" timestamp="2023-01-16T23:46:29 IST" skipped="0">
  <testcase classname="com.first90.qa.testcases.SignInPageTest" name="SignInTest" time="39.675"/>
  <system-out/>
</testsuite> <!-- com.first90.qa.testcases.SignInPageTest -->
